Arguments: 
  C:\Program Files\nodejs\node.exe C:\Program Files (x86)\Yarn\bin\yarn.js

PATH: 
  C:\Program Files (x86)\Intel\iCLS Client\;C:\Program Files\Intel\iCLS Client\;C:\windows\system32;C:\windows;C:\windows\System32\Wbem;C:\windows\System32\WindowsPowerShell\v1.0\;C:\Program Files (x86)\Intel\Intel(R) Management Engine Components\DAL;C:\Program Files\Intel\Intel(R) Management Engine Components\DAL;C:\Program Files (x86)\Intel\Intel(R) Management Engine Components\IPT;C:\Program Files\Intel\Intel(R) Management Engine Components\IPT;C:\Program Files (x86)\NVIDIA Corporation\PhysX\Common;C:\WINDOWS\system32;C:\WINDOWS;C:\WINDOWS\System32\Wbem;C:\WINDOWS\System32\WindowsPowerShell\v1.0\;C:\WINDOWS\System32\OpenSSH\;C:\Program Files\Intel\WiFi\bin\;C:\Program Files\Common Files\Intel\WirelessCommon\;C:\Program Files\NVIDIA Corporation\NVIDIA NvDLISR;C:\Program Files\nodejs\;C:\Program Files\Git\cmd;D:\app\PuTTY\;C:\Program Files (x86)\Yarn\bin\;C:\Users\86186\AppData\Local\Microsoft\WindowsApps;;C:\Users\86186\AppData\Local\Programs\Microsoft VS Code\bin;C:\Users\86186\AppData\Roaming\npm;C:\Users\86186\AppData\Local\Yarn\bin

Yarn version: 
  1.15.2

Node version: 
  10.13.0

Platform: 
  win32 x64

Trace: 
  Error: connect ETIMEDOUT 114.55.80.225:443
      at TCPConnectWrap.afterConnect [as oncomplete] (net.js:1113:14)

npm manifest: 
  {
    "name": "shop",
    "version": "0.0.0",
    "private": true,
    "scripts": {
      "start": "node app.js"
    },
    "dependencies": {
      "bluebird": "^3.5.1",
      "body-parser": "~1.18.2",
      "busboy": "^0.2.14",
      "config": "^1.28.0",
      "debug": "~2.6.9",
      "express": "^4.16.2",
      "fs-extra": "^7.0.1",
      "gm": "^1.23.0",
      "je": "^1.0.2",
      "jsonwebtoken": "^7.1.9",
      "lodash": "^4.17.4",
      "log4js": "^2.4.1",
      "morgan": "~1.9.0",
      "mount-routes": "^1.0.8",
      "multer": "^1.3.0",
      "mysql": "^2.15.0",
      "node-orm": "^2.1.15",
      "node-php-password": "^0.1.2",
      "orm": "^4.0.1",
      "passport": "^0.4.0",
      "passport-http-bearer": "^1.0.1",
      "passport-local": "^1.0.0",
      "serve-favicon": "~2.4.5",
      "underscore": "^1.8.3",
      "uniqid": "^4.1.1"
    },
    "devDependencies": {
      "chai": "^4.1.2",
      "chai-http": "^3.0.0",
      "gulp": "^3.9.1",
      "mocha": "^4.0.1",
      "request": "^2.83.0"
    }
  }

yarn manifest: 
  No manifest

Lockfile: 
  No lockfile
